<?xml version="1.0" encoding="UTF-8"?>
<testsuite name="MazeTest" tests="1" skipped="0" failures="0" errors="0" timestamp="2022-01-19T18:23:26" hostname="aires-vm" time="0.009">
  <properties/>
  <testcase name="setPosOpposite()" classname="MazeTest" time="0.009"/>
  <system-out><![CDATA[]]></system-out>
  <system-err><![CDATA[]]></system-err>
</testsuite>
