<?xml version="1.0" encoding="UTF-8"?>
<testsuite name="PositionTest" tests="2" skipped="0" failures="0" errors="0" timestamp="2021-12-27T18:49:49" hostname="HERCKS-LAPTOP" time="0.049">
  <properties/>
  <testcase name="settersInPosition()" classname="PositionTest" time="0.046"/>
  <testcase name="gettersInPosition()" classname="PositionTest" time="0.002"/>
  <system-out><![CDATA[]]></system-out>
  <system-err><![CDATA[]]></system-err>
</testsuite>
