<?xml version="1.0" encoding="UTF-8"?>
<testsuite name="PositionTest" tests="2" skipped="0" failures="0" errors="0" timestamp="2022-01-15T10:08:09" hostname="ubuntu" time="0.001">
  <properties/>
  <testcase name="settersInPosition()" classname="PositionTest" time="0.0"/>
  <testcase name="gettersInPosition()" classname="PositionTest" time="0.0"/>
  <system-out><![CDATA[]]></system-out>
  <system-err><![CDATA[]]></system-err>
</testsuite>
